Build started 12/24/2021 8:30:49 PM.
     1>Project "E:\AirRush_2\AirRush_2\AirRush\AirRush\AirRush.vcxproj" on node 2 (build target(s)).
     1>InitializeBuildStatus:
         Creating "Debug\AirRush.unsuccessfulbuild" because "AlwaysCreate" was specified.
       ClCompile:
         C:\Program Files (x86)\Microsoft Visual Studio 10.0\VC\bin\CL.exe /c /ZI /nologo /W3 /WX- /Od /Oy- /D _MBCS /Gm /EHsc /RTC1 /MDd /GS /fp:precise /Zc:wchar_t /Zc:forScope /Fo"Debug\\" /Fd"Debug\vc100.pdb" /Gd /TP /analyze- /errorReport:prompt AIRRUSHGAME.cpp
         AIRRUSHGAME.cpp
     1>e:\airrush_2\airrush_2\airrush\airrush\airrushgame.cpp(943): warning C4996: 'strcpy': This function or variable may be unsafe. Consider using strcpy_s instead. To disable deprecation, use _CRT_SECURE_NO_WARNINGS. See online help for details.
                 c:\program files (x86)\microsoft visual studio 10.0\vc\include\string.h(105) : see declaration of 'strcpy'
     1>e:\airrush_2\airrush_2\airrush\airrush\airrushgame.cpp(1392): warning C4996: 'fopen': This function or variable may be unsafe. Consider using fopen_s instead. To disable deprecation, use _CRT_SECURE_NO_WARNINGS. See online help for details.
                 c:\program files (x86)\microsoft visual studio 10.0\vc\include\stdio.h(234) : see declaration of 'fopen'
     1>e:\airrush_2\airrush_2\airrush\airrush\airrushgame.cpp(1395): warning C4996: 'fscanf': This function or variable may be unsafe. Consider using fscanf_s instead. To disable deprecation, use _CRT_SECURE_NO_WARNINGS. See online help for details.
                 c:\program files (x86)\microsoft visual studio 10.0\vc\include\stdio.h(253) : see declaration of 'fscanf'
     1>e:\airrush_2\airrush_2\airrush\airrush\airrushgame.cpp(1410): warning C4996: 'fopen': This function or variable may be unsafe. Consider using fopen_s instead. To disable deprecation, use _CRT_SECURE_NO_WARNINGS. See online help for details.
                 c:\program files (x86)\microsoft visual studio 10.0\vc\include\stdio.h(234) : see declaration of 'fopen'
     1>e:\airrush_2\airrush_2\airrush\airrush\airrushgame.cpp(1420): warning C4996: 'sprintf': This function or variable may be unsafe. Consider using sprintf_s instead. To disable deprecation, use _CRT_SECURE_NO_WARNINGS. See online help for details.
                 c:\program files (x86)\microsoft visual studio 10.0\vc\include\stdio.h(371) : see declaration of 'sprintf'
     1>e:\airrush_2\airrush_2\airrush\airrush\airrushgame.cpp(1427): warning C4996: 'fopen': This function or variable may be unsafe. Consider using fopen_s instead. To disable deprecation, use _CRT_SECURE_NO_WARNINGS. See online help for details.
                 c:\program files (x86)\microsoft visual studio 10.0\vc\include\stdio.h(234) : see declaration of 'fopen'
     1>e:\airrush_2\airrush_2\airrush\airrush\airrushgame.cpp(1437): warning C4996: 'sprintf': This function or variable may be unsafe. Consider using sprintf_s instead. To disable deprecation, use _CRT_SECURE_NO_WARNINGS. See online help for details.
                 c:\program files (x86)\microsoft visual studio 10.0\vc\include\stdio.h(371) : see declaration of 'sprintf'
       Link:
         C:\Program Files (x86)\Microsoft Visual Studio 10.0\VC\bin\link.exe /ERRORREPORT:PROMPT /OUT:"E:\AirRush_2\AirRush_2\AirRush\Debug\AirRush.exe" /NOLOGO kernel32.lib user32.lib gdi32.lib winspool.lib comdlg32.lib advapi32.lib shell32.lib ole32.lib oleaut32.lib uuid.lib odbc32.lib odbccp32.lib /MANIFEST /ManifestFile:"Debug\AirRush.exe.intermediate.manifest" /MANIFESTUAC:"level='asInvoker' uiAccess='false'" /DEBUG /PDB:"E:\AirRush_2\AirRush_2\AirRush\Debug\AirRush.pdb" /TLBID:1 /DYNAMICBASE /NXCOMPAT /IMPLIB:"E:\AirRush_2\AirRush_2\AirRush\Debug\AirRush.lib" /MACHINE:X86 Debug\AIRRUSHGAME.obj
         LINK : E:\AirRush_2\AirRush_2\AirRush\Debug\AirRush.exe not found or not built by the last incremental link; performing full link
         AirRush.vcxproj -> E:\AirRush_2\AirRush_2\AirRush\Debug\AirRush.exe
       Manifest:
         C:\Program Files (x86)\Microsoft SDKs\Windows\v7.0A\bin\mt.exe /nologo /verbose /outputresource:"E:\AirRush_2\AirRush_2\AirRush\Debug\AirRush.exe;#1" /manifest Debug\AirRush.exe.intermediate.manifest
       FinalizeBuildStatus:
         Deleting file "Debug\AirRush.unsuccessfulbuild".
         Touching "Debug\AirRush.lastbuildstate".
     1>Done Building Project "E:\AirRush_2\AirRush_2\AirRush\AirRush\AirRush.vcxproj" (build target(s)).

Build succeeded.

Time Elapsed 00:00:13.89
